2025-04-03 00:39:40,912 - INFO - Starting design generation process
2025-04-03 00:39:42,130 - INFO - Initialized Chrome driver
2025-04-03 00:39:43,439 - INFO - Opened Grok Chat UI
2025-04-03 00:39:44,358 - INFO - Generating design for 
2025-04-03 00:39:44,476 - INFO - Located and focused element: //textarea[@placeholder='Ask anything']
2025-04-03 00:39:44,749 - INFO - Prompt submitted
2025-04-03 00:40:09,271 - INFO - Browser closed
2025-04-03 00:40:56,910 - INFO - Starting design generation process
2025-04-03 00:40:58,109 - INFO - Initialized Chrome driver
2025-04-03 00:41:00,575 - INFO - Opened Grok Chat UI
2025-04-03 00:41:01,387 - INFO - Generating design for 
2025-04-03 00:41:01,529 - INFO - Located and focused element: //textarea[@placeholder='Ask anything']
2025-04-03 00:41:01,872 - INFO - Prompt submitted
2025-04-03 00:41:26,414 - INFO - Browser closed
2025-04-03 00:43:20,551 - INFO - Starting design generation process
2025-04-03 00:43:21,784 - INFO - Initialized Chrome driver
2025-04-03 00:43:23,199 - INFO - Opened Grok Chat UI
2025-04-03 00:43:24,034 - WARNING - Skipping malformed section: req='', analysis='Issue #4: Design a database schema for a blog...'
2025-04-03 00:43:24,035 - INFO - Generating design for Issue #4) and analyze what it entails. The goal is to create a structured representation of the data needed for a blog system, focusing on the entities, their attributes, and the relationships between them. Since the requirement doesn’t specify details, I’ll assume a typical blog system and outline a practical schema, explaining the reasoning as we go.

A blog generally involves users (authors), blog posts, categories or tags for organization, and possibly comments. These are the core entities. The schema should support creating, storing, and retrieving this data efficiently while maintaining relationships (e.g., which user wrote which post). Here’s an analysis and a proposed design:

Key Entities and Attributes

Users: Represents authors or anyone who can post or comment.

user_id (Primary Key, e.g., integer or UUID): Unique identifier for each user.

username (e.g., varchar): Display name, unique.

email (e.g., varchar): Contact info, unique.

password_hash (e.g., varchar): Securely stored password.

created_at (e.g., timestamp): When the user joined.

Posts: The blog articles themselves.

post_id (Primary Key): Unique identifier for each post.

user_id (Foreign Key): Links to the author (references Users).

title (e.g., varchar): Post title.

content (e.g., text): The body of the post.

created_at (e.g., timestamp): When the post was created.

updated_at (e.g., timestamp): When the post was last edited.

status (e.g., enum: draft, published): Tracks if the post is live.

Categories: For organizing posts (e.g., "Tech," "Lifestyle").

category_id (Primary Key): Unique identifier.

name (e.g., varchar): Category name, unique.

description (e.g., text): Optional details.

Post_Categories: A junction table for many-to-many relationship between posts and categories (since a post can belong to multiple categories).

post_id (Foreign Key): References Posts.

category_id (Foreign Key): References Categories.

Composite Primary Key: (post_id, category_id).

Comments: Reader feedback on posts.

comment_id (Primary Key): Unique identifier.

post_id (Foreign Key): Links to the post being commented on.

user_id (Foreign Key): Links to the commenter (references Users).

content (e.g., text): The comment text.

created_at (e.g., timestamp): When the comment was made.

Relationships

Users to Posts: One-to-Many. One user can write many posts, but each post has one author (user_id in Posts references Users).

Posts to Categories: Many-to-Many. A post can have multiple categories, and a category can apply to multiple posts (handled via Post_Categories).

Posts to Comments: One-to-Many. One post can have many comments, but each comment belongs to one post (post_id in Comments references Posts).

Users to Comments: One-to-Many. One user can write many comments, but each comment has one author (user_id in Comments references Users).

Proposed Schema (SQL-like)

sql

CREATE TABLE Users (

    user_id INT PRIMARY KEY AUTO_INCREMENT,

    username VARCHAR(50) UNIQUE NOT NULL,

    email VARCHAR(100) UNIQUE NOT NULL,

    password_hash VARCHAR(255) NOT NULL,

    created_at TIMESTAMP DEFAULT CURRENT_TIMESTAMP

);



CREATE TABLE Posts (

    post_id INT PRIMARY KEY AUTO_INCREMENT,

    user_id INT NOT NULL,

    title VARCHAR(200) NOT NULL,

    content TEXT NOT NULL,

    created_at TIMESTAMP DEFAULT CURRENT_TIMESTAMP,

    updated_at TIMESTAMP DEFAULT CURRENT_TIMESTAMP ON UPDATE CURRENT_TIMESTAMP,

    status ENUM('draft', 'published') DEFAULT 'draft',

    FOREIGN KEY (user_id) REFERENCES Users(user_id) ON DELETE CASCADE

);



CREATE TABLE Categories (

    category_id INT PRIMARY KEY AUTO_INCREMENT,

    name VARCHAR(50) UNIQUE NOT NULL,

    description TEXT

);



CREATE TABLE Post_Categories (

    post_id INT NOT NULL,

    category_id INT NOT NULL,

    PRIMARY KEY (post_id, category_id),

    FOREIGN KEY (post_id) REFERENCES Posts(post_id) ON DELETE CASCADE,

    FOREIGN KEY (category_id) REFERENCES Categories(category_id) ON DELETE CASCADE

);



CREATE TABLE Comments (

    comment_id INT PRIMARY KEY AUTO_INCREMENT,

    post_id INT NOT NULL,

    user_id INT NOT NULL,

    content TEXT NOT NULL,

    created_at TIMESTAMP DEFAULT CURRENT_TIMESTAMP,

    FOREIGN KEY (post_id) REFERENCES Posts(post_id) ON DELETE CASCADE,

    FOREIGN KEY (user_id) REFERENCES Users(user_id) ON DELETE CASCADE

);

Analysis

Scalability: Auto-incrementing integer IDs are efficient for indexing and querying. For a larger system, UUIDs could be considered to avoid collisions in distributed setups.

Integrity: Foreign keys with ON DELETE CASCADE ensure that deleting a user or post removes related data (e.g., comments), preventing orphaned records.

Flexibility: The status field in Posts allows drafts vs. published posts. Categories are optional but extensible via the junction table.

Performance: Indexes are implied on primary and foreign keys. For a high-traffic blog, additional indexes on Posts.created_at or Users.username might be needed for sorting or lookups.

Assumptions and Considerations

Assumes a relational database (e.g., MySQL, PostgreSQL) since "schema" typically implies this. A NoSQL approach could work but would need clarification.

No explicit support for tags (vs. categories) or media (e.g., images in posts)—these could be added as separate tables if required.

Basic fields are included; extras like post slugs, view counts, or user roles could be added based on further requirements.

This schema provides a solid foundation for a blog, balancing simplicity with functionality. If you have specific needs (e.g., additional features or constraints), let me know, and I can refine it further!
2025-04-03 00:43:24,175 - INFO - Located and focused element: //textarea[@placeholder='Ask anything']
2025-04-03 00:43:24,175 - INFO - Sending prompt: Based on this analysis, generate PlantUML code for a UML class diagram:
Issue #5: Implement a cachin...
2025-04-03 00:43:24,522 - INFO - Prompt submitted
2025-04-03 00:43:25,544 - INFO - Chat message detected
2025-04-03 00:43:25,596 - INFO - Found 0 Copy text buttons, waiting for 1
2025-04-03 00:43:26,647 - INFO - Found 0 Copy text buttons, waiting for 1
2025-04-03 00:43:27,715 - INFO - Found 0 Copy text buttons, waiting for 1
2025-04-03 00:43:28,770 - INFO - Found 0 Copy text buttons, waiting for 1
2025-04-03 00:43:29,841 - INFO - Found 0 Copy text buttons, waiting for 1
2025-04-03 00:43:30,896 - INFO - Found 0 Copy text buttons, waiting for 1
2025-04-03 00:43:31,961 - INFO - Found 0 Copy text buttons, waiting for 1
2025-04-03 00:43:33,013 - INFO - Found 0 Copy text buttons, waiting for 1
2025-04-03 00:43:34,081 - INFO - Found 1 Copy text buttons, matches or exceeds prompt count 1
2025-04-03 00:43:37,144 - ERROR - No PlantUML code found in response: Let me help you create a UML class diagram for implementing a caching mechanism for API calls. Here's a PlantUML code that represents a typical caching pattern:
plantuml
@startuml
skinparam monochr...
2025-04-03 00:43:41,385 - INFO - Browser closed
2025-04-03 00:45:44,430 - INFO - Starting design generation process
2025-04-03 00:45:45,631 - INFO - Initialized Chrome driver
2025-04-03 00:45:48,097 - INFO - Opened Grok Chat UI
2025-04-03 00:45:48,915 - INFO - Parsed requirement: Issue #4: Design a database schema for a blog... with analysis length: 5746
2025-04-03 00:45:48,916 - INFO - Parsed requirement: Issue #5: Implement a caching mechanism for API ca... with analysis length: 6222
2025-04-03 00:45:48,916 - INFO - Parsed requirement: Issue #3: Add error handling for invalid inputs... with analysis length: 6433
2025-04-03 00:45:48,917 - INFO - Parsed requirement: Issue #2: Implement a user login system... with analysis length: 7367
2025-04-03 00:45:48,917 - INFO - Parsed requirement: Issue #1: Create a function to add two numbers... with analysis length: 4536
2025-04-03 00:45:48,917 - INFO - Generating design for Issue #4: Design a database schema for a blog
2025-04-03 00:45:49,035 - INFO - Located and focused element: //textarea[@placeholder='Ask anything']
2025-04-03 00:45:49,035 - INFO - Sending prompt: Based on this analysis, generate PlantUML code for a UML class diagram:
Let’s break down the require...
2025-04-03 00:46:05,096 - INFO - Prompt submitted
2025-04-03 00:46:07,129 - INFO - Chat message detected
2025-04-03 00:46:07,242 - INFO - Found 0 Copy text buttons, waiting for 1
2025-04-03 00:46:08,313 - INFO - Found 0 Copy text buttons, waiting for 1
2025-04-03 00:46:09,380 - INFO - Found 0 Copy text buttons, waiting for 1
2025-04-03 00:46:10,458 - INFO - Found 0 Copy text buttons, waiting for 1
2025-04-03 00:46:11,530 - INFO - Found 0 Copy text buttons, waiting for 1
2025-04-03 00:46:12,602 - INFO - Found 0 Copy text buttons, waiting for 1
2025-04-03 00:46:13,676 - INFO - Found 0 Copy text buttons, waiting for 1
2025-04-03 00:46:14,745 - INFO - Found 0 Copy text buttons, waiting for 1
2025-04-03 00:46:15,819 - INFO - Found 0 Copy text buttons, waiting for 1
2025-04-03 00:46:16,878 - INFO - Found 0 Copy text buttons, waiting for 1
2025-04-03 00:46:17,955 - INFO - Found 0 Copy text buttons, waiting for 1
2025-04-03 00:46:19,008 - INFO - Found 0 Copy text buttons, waiting for 1
2025-04-03 00:46:20,108 - INFO - Found 0 Copy text buttons, waiting for 1
2025-04-03 00:46:21,190 - INFO - Found 0 Copy text buttons, waiting for 1
2025-04-03 00:46:22,261 - INFO - Found 1 Copy text buttons, matches or exceeds prompt count 1
2025-04-03 00:46:25,340 - INFO - Extracted PlantUML code length: 2577 chars
2025-04-03 00:46:25,400 - ERROR - PlantUML rendering failed: Error: Unable to access jarfile C:\plantuml\plantuml.jar

2025-04-03 00:46:29,626 - INFO - Browser closed
2025-04-03 00:46:45,773 - INFO - Starting design generation process
2025-04-03 00:46:46,962 - INFO - Initialized Chrome driver
2025-04-03 00:46:49,201 - INFO - Opened Grok Chat UI
2025-04-03 00:46:50,110 - INFO - Parsed requirement: Issue #4: Design a database schema for a blog... with analysis length: 5746
2025-04-03 00:46:50,110 - INFO - Parsed requirement: Issue #5: Implement a caching mechanism for API ca... with analysis length: 6222
2025-04-03 00:46:50,111 - INFO - Parsed requirement: Issue #3: Add error handling for invalid inputs... with analysis length: 6433
2025-04-03 00:46:50,111 - INFO - Parsed requirement: Issue #2: Implement a user login system... with analysis length: 7367
2025-04-03 00:46:50,111 - INFO - Parsed requirement: Issue #1: Create a function to add two numbers... with analysis length: 4536
2025-04-03 00:46:50,111 - INFO - Generating design for Issue #4: Design a database schema for a blog
2025-04-03 00:46:50,247 - INFO - Located and focused element: //textarea[@placeholder='Ask anything']
2025-04-03 00:46:50,249 - INFO - Sending prompt: Based on this analysis, generate PlantUML code for a UML class diagram:
Let’s break down the require...
2025-04-03 00:47:07,124 - INFO - Prompt submitted
2025-04-03 00:47:08,650 - INFO - Chat message detected
2025-04-03 00:47:08,764 - INFO - Found 0 Copy text buttons, waiting for 1
2025-04-03 00:47:09,849 - INFO - Found 0 Copy text buttons, waiting for 1
2025-04-03 00:47:10,925 - INFO - Found 0 Copy text buttons, waiting for 1
2025-04-03 00:47:11,994 - INFO - Found 0 Copy text buttons, waiting for 1
2025-04-03 00:47:13,064 - INFO - Found 0 Copy text buttons, waiting for 1
2025-04-03 00:47:14,138 - INFO - Found 0 Copy text buttons, waiting for 1
2025-04-03 00:47:15,207 - INFO - Found 0 Copy text buttons, waiting for 1
2025-04-03 00:47:16,281 - INFO - Found 0 Copy text buttons, waiting for 1
2025-04-03 00:47:17,356 - INFO - Found 0 Copy text buttons, waiting for 1
2025-04-03 00:47:18,411 - INFO - Found 0 Copy text buttons, waiting for 1
2025-04-03 00:47:19,465 - INFO - Found 0 Copy text buttons, waiting for 1
2025-04-03 00:47:20,550 - INFO - Found 0 Copy text buttons, waiting for 1
2025-04-03 00:47:21,617 - INFO - Found 0 Copy text buttons, waiting for 1
2025-04-03 00:47:22,698 - INFO - Found 0 Copy text buttons, waiting for 1
2025-04-03 00:47:23,752 - INFO - Found 0 Copy text buttons, waiting for 1
2025-04-03 00:47:24,838 - INFO - Found 1 Copy text buttons, matches or exceeds prompt count 1
2025-04-03 00:47:27,918 - INFO - Extracted PlantUML code length: 2530 chars
2025-04-03 00:47:27,979 - ERROR - PlantUML rendering failed: Error: Unable to access jarfile C:\plantuml\plantuml.jar

2025-04-03 00:47:32,200 - INFO - Browser closed
2025-04-03 00:49:36,319 - INFO - Starting design generation process
2025-04-03 00:49:37,506 - INFO - Initialized Chrome driver
2025-04-03 00:49:38,812 - INFO - Opened Grok Chat UI
2025-04-03 00:49:39,635 - INFO - Parsed requirement: Issue #4: Design a database schema for a blog... with analysis length: 5746
2025-04-03 00:49:39,636 - INFO - Parsed requirement: Issue #5: Implement a caching mechanism for API ca... with analysis length: 6222
2025-04-03 00:49:39,637 - INFO - Parsed requirement: Issue #3: Add error handling for invalid inputs... with analysis length: 6433
2025-04-03 00:49:39,637 - INFO - Parsed requirement: Issue #2: Implement a user login system... with analysis length: 7367
2025-04-03 00:49:39,637 - INFO - Parsed requirement: Issue #1: Create a function to add two numbers... with analysis length: 4536
2025-04-03 00:49:39,637 - INFO - Generating design for Issue #4: Design a database schema for a blog
2025-04-03 00:49:39,770 - INFO - Located and focused element: //textarea[@placeholder='Ask anything']
2025-04-03 00:49:39,770 - INFO - Sending prompt: Based on this analysis, generate PlantUML code for a UML class diagram:
Let’s break down the require...
2025-04-03 00:49:56,236 - INFO - Prompt submitted
2025-04-03 00:49:57,765 - INFO - Chat message detected
2025-04-03 00:49:57,835 - INFO - Found 0 Copy text buttons, waiting for 1
2025-04-03 00:49:58,910 - INFO - Found 0 Copy text buttons, waiting for 1
2025-04-03 00:49:59,976 - INFO - Found 0 Copy text buttons, waiting for 1
2025-04-03 00:50:01,060 - INFO - Found 0 Copy text buttons, waiting for 1
2025-04-03 00:50:02,134 - INFO - Found 0 Copy text buttons, waiting for 1
2025-04-03 00:50:03,205 - INFO - Found 0 Copy text buttons, waiting for 1
2025-04-03 00:50:04,272 - INFO - Found 0 Copy text buttons, waiting for 1
2025-04-03 00:50:05,347 - INFO - Found 0 Copy text buttons, waiting for 1
2025-04-03 00:50:06,413 - INFO - Found 0 Copy text buttons, waiting for 1
2025-04-03 00:50:07,495 - INFO - Found 0 Copy text buttons, waiting for 1
2025-04-03 00:50:08,573 - INFO - Found 0 Copy text buttons, waiting for 1
2025-04-03 00:50:09,655 - INFO - Found 0 Copy text buttons, waiting for 1
2025-04-03 00:50:10,736 - INFO - Found 0 Copy text buttons, waiting for 1
2025-04-03 00:50:11,808 - INFO - Found 1 Copy text buttons, matches or exceeds prompt count 1
2025-04-03 00:50:14,890 - INFO - Extracted PlantUML code length: 2300 chars
2025-04-03 00:50:14,954 - ERROR - PlantUML rendering failed: Error: Unable to access jarfile C:\plantuml\plantuml.jar

2025-04-03 00:50:19,175 - INFO - Browser closed
2025-04-03 00:51:26,786 - INFO - Starting design generation process
2025-04-03 00:51:27,985 - INFO - Initialized Chrome driver
2025-04-03 00:51:30,452 - INFO - Opened Grok Chat UI
2025-04-03 00:51:31,345 - INFO - Parsed requirement: Issue #4: Design a database schema for a blog... with analysis length: 5746
2025-04-03 00:51:31,345 - INFO - Parsed requirement: Issue #5: Implement a caching mechanism for API ca... with analysis length: 6222
2025-04-03 00:51:31,346 - INFO - Parsed requirement: Issue #3: Add error handling for invalid inputs... with analysis length: 6433
2025-04-03 00:51:31,346 - INFO - Parsed requirement: Issue #2: Implement a user login system... with analysis length: 7367
2025-04-03 00:51:31,346 - INFO - Parsed requirement: Issue #1: Create a function to add two numbers... with analysis length: 4536
2025-04-03 00:51:31,346 - INFO - Generating design for Issue #4: Design a database schema for a blog
2025-04-03 00:51:31,480 - INFO - Located and focused element: //textarea[@placeholder='Ask anything']
2025-04-03 00:51:31,481 - INFO - Sending prompt: Based on this analysis, generate PlantUML code for a UML class diagram:
Let’s break down the require...
2025-04-03 00:51:47,887 - INFO - Prompt submitted
2025-04-03 00:51:49,918 - INFO - Chat message detected
2025-04-03 00:51:50,026 - INFO - Found 0 Copy text buttons, waiting for 1
2025-04-03 00:51:51,088 - INFO - Found 0 Copy text buttons, waiting for 1
2025-04-03 00:51:52,157 - INFO - Found 0 Copy text buttons, waiting for 1
2025-04-03 00:51:53,228 - INFO - Found 0 Copy text buttons, waiting for 1
2025-04-03 00:51:54,304 - INFO - Found 0 Copy text buttons, waiting for 1
2025-04-03 00:51:55,362 - INFO - Found 0 Copy text buttons, waiting for 1
2025-04-03 00:51:56,437 - INFO - Found 0 Copy text buttons, waiting for 1
2025-04-03 00:51:57,510 - INFO - Found 0 Copy text buttons, waiting for 1
2025-04-03 00:51:58,583 - INFO - Found 0 Copy text buttons, waiting for 1
2025-04-03 00:51:59,664 - INFO - Found 0 Copy text buttons, waiting for 1
2025-04-03 00:52:00,732 - INFO - Found 0 Copy text buttons, waiting for 1
2025-04-03 00:52:01,805 - INFO - Found 0 Copy text buttons, waiting for 1
2025-04-03 00:52:02,883 - INFO - Found 0 Copy text buttons, waiting for 1
2025-04-03 00:52:03,957 - INFO - Found 0 Copy text buttons, waiting for 1
2025-04-03 00:52:05,043 - INFO - Found 1 Copy text buttons, matches or exceeds prompt count 1
2025-04-03 00:52:08,124 - INFO - Extracted PlantUML code length: 2755 chars
2025-04-03 00:52:09,610 - INFO - Rendered PlantUML diagram to D:\Documents\AutoSDLC\designs\Issue_4.png
2025-04-03 00:52:09,612 - INFO - Generating design for Issue #5: Implement a caching mechanism for API calls
2025-04-03 00:52:09,690 - INFO - Located and focused element: //textarea[@placeholder='Ask anything']
2025-04-03 00:52:09,690 - INFO - Sending prompt: Based on this analysis, generate PlantUML code for a UML class diagram:
Let’s analyze the requiremen...
2025-04-03 00:52:28,368 - INFO - Prompt submitted
2025-04-03 00:52:28,410 - INFO - Chat message detected
2025-04-03 00:52:28,509 - INFO - Found 1 Copy text buttons, waiting for 2
2025-04-03 00:52:29,619 - INFO - Found 1 Copy text buttons, waiting for 2
2025-04-03 00:52:30,736 - INFO - Found 1 Copy text buttons, waiting for 2
2025-04-03 00:52:31,839 - INFO - Found 1 Copy text buttons, waiting for 2
2025-04-03 00:52:32,942 - INFO - Found 1 Copy text buttons, waiting for 2
2025-04-03 00:52:34,047 - INFO - Found 1 Copy text buttons, waiting for 2
2025-04-03 00:52:35,155 - INFO - Found 1 Copy text buttons, waiting for 2
2025-04-03 00:52:36,261 - INFO - Found 1 Copy text buttons, waiting for 2
2025-04-03 00:52:37,361 - INFO - Found 1 Copy text buttons, waiting for 2
2025-04-03 00:52:38,453 - INFO - Found 1 Copy text buttons, waiting for 2
2025-04-03 00:52:39,556 - INFO - Found 1 Copy text buttons, waiting for 2
2025-04-03 00:52:40,663 - INFO - Found 1 Copy text buttons, waiting for 2
2025-04-03 00:52:41,781 - INFO - Found 1 Copy text buttons, waiting for 2
2025-04-03 00:52:42,897 - INFO - Found 1 Copy text buttons, waiting for 2
2025-04-03 00:52:44,010 - INFO - Found 1 Copy text buttons, waiting for 2
2025-04-03 00:52:45,111 - INFO - Found 1 Copy text buttons, waiting for 2
2025-04-03 00:52:46,215 - INFO - Found 1 Copy text buttons, waiting for 2
2025-04-03 00:52:47,342 - INFO - Found 1 Copy text buttons, waiting for 2
2025-04-03 00:52:48,433 - INFO - Found 2 Copy text buttons, matches or exceeds prompt count 2
2025-04-03 00:52:51,515 - INFO - Extracted PlantUML code length: 3582 chars
2025-04-03 00:52:52,786 - INFO - Rendered PlantUML diagram to D:\Documents\AutoSDLC\designs\Issue_5.png
2025-04-03 00:52:52,787 - INFO - Generating design for Issue #3: Add error handling for invalid inputs
2025-04-03 00:52:52,881 - INFO - Located and focused element: //textarea[@placeholder='Ask anything']
2025-04-03 00:52:52,881 - INFO - Sending prompt: Based on this analysis, generate PlantUML code for a UML class diagram:
Let’s analyze the requiremen...
2025-04-03 00:53:12,839 - INFO - Prompt submitted
2025-04-03 00:53:12,898 - INFO - Chat message detected
2025-04-03 00:53:13,077 - INFO - Found 2 Copy text buttons, waiting for 3
2025-04-03 00:53:14,228 - INFO - Found 2 Copy text buttons, waiting for 3
2025-04-03 00:53:15,354 - INFO - Found 2 Copy text buttons, waiting for 3
2025-04-03 00:53:16,498 - INFO - Found 2 Copy text buttons, waiting for 3
2025-04-03 00:53:17,642 - INFO - Found 2 Copy text buttons, waiting for 3
2025-04-03 00:53:18,782 - INFO - Found 2 Copy text buttons, waiting for 3
2025-04-03 00:53:19,926 - INFO - Found 2 Copy text buttons, waiting for 3
2025-04-03 00:53:21,049 - INFO - Found 2 Copy text buttons, waiting for 3
2025-04-03 00:53:22,155 - INFO - Found 2 Copy text buttons, waiting for 3
2025-04-03 00:53:23,301 - INFO - Found 2 Copy text buttons, waiting for 3
2025-04-03 00:53:24,444 - INFO - Found 2 Copy text buttons, waiting for 3
2025-04-03 00:53:25,558 - INFO - Found 2 Copy text buttons, waiting for 3
2025-04-03 00:53:26,677 - INFO - Found 2 Copy text buttons, waiting for 3
2025-04-03 00:53:27,818 - INFO - Found 2 Copy text buttons, waiting for 3
2025-04-03 00:53:28,959 - INFO - Found 2 Copy text buttons, waiting for 3
2025-04-03 00:53:30,084 - INFO - Found 2 Copy text buttons, waiting for 3
2025-04-03 00:53:31,209 - INFO - Found 2 Copy text buttons, waiting for 3
2025-04-03 00:53:32,347 - INFO - Found 2 Copy text buttons, waiting for 3
2025-04-03 00:53:33,495 - INFO - Found 2 Copy text buttons, waiting for 3
2025-04-03 00:53:34,656 - INFO - Found 2 Copy text buttons, waiting for 3
2025-04-03 00:53:35,806 - INFO - Found 3 Copy text buttons, matches or exceeds prompt count 3
2025-04-03 00:53:38,898 - INFO - Extracted PlantUML code length: 4515 chars
2025-04-03 00:53:40,196 - INFO - Rendered PlantUML diagram to D:\Documents\AutoSDLC\designs\Issue_3.png
2025-04-03 00:53:40,197 - INFO - Generating design for Issue #2: Implement a user login system
2025-04-03 00:53:40,304 - INFO - Located and focused element: //textarea[@placeholder='Ask anything']
2025-04-03 00:53:40,304 - INFO - Sending prompt: Based on this analysis, generate PlantUML code for a UML class diagram:
Let’s analyze the requiremen...
2025-04-03 00:54:05,332 - INFO - Prompt submitted
2025-04-03 00:54:05,411 - INFO - Chat message detected
2025-04-03 00:54:05,594 - INFO - Found 3 Copy text buttons, waiting for 4
2025-04-03 00:54:06,791 - INFO - Found 3 Copy text buttons, waiting for 4
2025-04-03 00:54:07,949 - INFO - Found 3 Copy text buttons, waiting for 4
2025-04-03 00:54:09,125 - INFO - Found 3 Copy text buttons, waiting for 4
2025-04-03 00:54:10,314 - INFO - Found 3 Copy text buttons, waiting for 4
2025-04-03 00:54:11,483 - INFO - Found 3 Copy text buttons, waiting for 4
2025-04-03 00:54:12,640 - INFO - Found 3 Copy text buttons, waiting for 4
2025-04-03 00:54:13,799 - INFO - Found 3 Copy text buttons, waiting for 4
2025-04-03 00:54:14,975 - INFO - Found 3 Copy text buttons, waiting for 4
2025-04-03 00:54:16,153 - INFO - Found 3 Copy text buttons, waiting for 4
2025-04-03 00:54:17,314 - INFO - Found 3 Copy text buttons, waiting for 4
2025-04-03 00:54:18,493 - INFO - Found 3 Copy text buttons, waiting for 4
2025-04-03 00:54:19,648 - INFO - Found 3 Copy text buttons, waiting for 4
2025-04-03 00:54:20,830 - INFO - Found 3 Copy text buttons, waiting for 4
2025-04-03 00:54:22,028 - INFO - Found 3 Copy text buttons, waiting for 4
2025-04-03 00:54:23,218 - INFO - Found 3 Copy text buttons, waiting for 4
2025-04-03 00:54:24,369 - INFO - Found 3 Copy text buttons, waiting for 4
2025-04-03 00:54:25,545 - INFO - Found 3 Copy text buttons, waiting for 4
2025-04-03 00:54:26,710 - INFO - Found 3 Copy text buttons, waiting for 4
2025-04-03 00:54:27,913 - INFO - Found 4 Copy text buttons, matches or exceeds prompt count 4
2025-04-03 00:54:31,010 - INFO - Extracted PlantUML code length: 4837 chars
2025-04-03 00:54:32,401 - INFO - Rendered PlantUML diagram to D:\Documents\AutoSDLC\designs\Issue_2.png
2025-04-03 00:54:32,402 - INFO - Generating design for Issue #1: Create a function to add two numbers
2025-04-03 00:54:32,534 - INFO - Located and focused element: //textarea[@placeholder='Ask anything']
2025-04-03 00:54:32,534 - INFO - Sending prompt: Based on this analysis, generate PlantUML code for a UML class diagram:
Let’s analyze the requiremen...
2025-04-03 00:54:46,259 - INFO - Prompt submitted
2025-04-03 00:54:46,343 - INFO - Chat message detected
2025-04-03 00:54:46,634 - INFO - Found 4 Copy text buttons, waiting for 5
2025-04-03 00:54:47,846 - INFO - Found 4 Copy text buttons, waiting for 5
2025-04-03 00:54:49,049 - INFO - Found 4 Copy text buttons, waiting for 5
2025-04-03 00:54:50,276 - INFO - Found 4 Copy text buttons, waiting for 5
2025-04-03 00:54:51,501 - INFO - Found 4 Copy text buttons, waiting for 5
2025-04-03 00:54:52,697 - INFO - Found 4 Copy text buttons, waiting for 5
2025-04-03 00:54:53,922 - INFO - Found 4 Copy text buttons, waiting for 5
2025-04-03 00:54:55,176 - INFO - Found 4 Copy text buttons, waiting for 5
2025-04-03 00:54:56,379 - INFO - Found 4 Copy text buttons, waiting for 5
2025-04-03 00:54:57,575 - INFO - Found 4 Copy text buttons, waiting for 5
2025-04-03 00:54:58,811 - INFO - Found 4 Copy text buttons, waiting for 5
2025-04-03 00:55:00,053 - INFO - Found 4 Copy text buttons, waiting for 5
2025-04-03 00:55:01,320 - INFO - Found 4 Copy text buttons, waiting for 5
2025-04-03 00:55:02,506 - INFO - Found 4 Copy text buttons, waiting for 5
2025-04-03 00:55:03,680 - INFO - Found 5 Copy text buttons, matches or exceeds prompt count 5
2025-04-03 00:55:06,791 - INFO - Extracted PlantUML code length: 2591 chars
2025-04-03 00:55:07,960 - INFO - Rendered PlantUML diagram to D:\Documents\AutoSDLC\designs\Issue_1.png
2025-04-03 00:55:12,218 - INFO - Browser closed
